<?xml version="1.0" encoding="UTF-8" ?>
<testsuite tests="7" failures="0" name="epam.project.controller.BicycleControllerTest" time="0.552" errors="0" skipped="0">
  <properties>
[...]
</properties>
  <testcase classname="epam.project.controller.BicycleControllerTest" name="addBestBicycle" time="0.153"/>
  <testcase classname="epam.project.controller.BicycleControllerTest" name="updateBicycle" time="0.014"/>
  <testcase classname="epam.project.controller.BicycleControllerTest" name="getBicycles" time="0.309"/>
  <testcase classname="epam.project.controller.BicycleControllerTest" name="deleteBicycle" time="0.015"/>
  <testcase classname="epam.project.controller.BicycleControllerTest" name="getBestBicycles" time="0.018"/>
  <testcase classname="epam.project.controller.BicycleControllerTest" name="addBicycle" time="0.033"/>
  <testcase classname="epam.project.controller.BicycleControllerTest" name="deleteBestBicycle" time="0.01"/>
</testsuite>